#
# There is insufficient memory for the Java Runtime Environment to continue.
# Native memory allocation (mmap) failed to map 134217728 bytes for G1 virtual space
# Possible reasons:
#   The system is out of physical RAM or swap space
#   The process is running with CompressedOops enabled, and the Java Heap may be blocking the growth of the native heap
# Possible solutions:
#   Reduce memory load on the system
#   Increase physical memory or swap space
#   Check if swap backing store is full
#   Decrease Java heap size (-Xmx/-Xms)
#   Decrease number of Java threads
#   Decrease Java thread stack sizes (-Xss)
#   Set larger code cache with -XX:ReservedCodeCacheSize=
#   JVM is running with Unscaled Compressed Oops mode in which the Java heap is
#     placed in the first 4GB address space. The Java Heap base address is the
#     maximum limit for the native heap growth. Please use -XX:HeapBaseMinAddress
#     to set the Java Heap base and to place the Java Heap above 4GB virtual address.
# This output file may be truncated or incomplete.
#
#  Out of Memory Error (./open/src/hotspot/os/windows/os_windows.cpp:3321), pid=10624, tid=14904
#
# JRE version:  (15.0.2+7) (build )
# Java VM: OpenJDK 64-Bit Server VM (15.0.2+7-27, mixed mode, sharing, tiered, compressed oops, g1 gc, windows-amd64)
# No core dump will be written. Minidumps are not enabled by default on client versions of Windows
#

---------------  S U M M A R Y ------------

Command Line: -Dfile.encoding=UTF-8 -XX:+ShowCodeDetailsInExceptionMessages app.FrmQuanLy

Host: Intel(R) Core(TM) i5-5257U CPU @ 2.70GHz, 4 cores, 7G,  Windows 10 , 64 bit Build 19041 (10.0.19041.1202)
Time: Sat Nov 13 23:04:15 2021 SE Asia Standard Time elapsed time: 0.023048 seconds (0d 0h 0m 0s)

---------------  T H R E A D  ---------------

Current thread (0x00000167ffdc0840):  JavaThread "Unknown thread" [_thread_in_vm, id=14904, stack(0x00000067bf600000,0x00000067bf700000)]

Stack: [0x00000067bf600000,0x00000067bf700000]
Native frames: (J=compiled Java code, j=interpreted, Vv=VM code, C=native code)
V  [jvm.dll+0x62ae9a]
V  [jvm.dll+0x7817a9]
V  [jvm.dll+0x782f03]
V  [jvm.dll+0x783563]
V  [jvm.dll+0x216325]
V  [jvm.dll+0x6281d9]
V  [jvm.dll+0x61cf55]
V  [jvm.dll+0x2cffdd]
V  [jvm.dll+0x2cfe42]
V  [jvm.dll+0x2d5e1c]
V  [jvm.dll+0x32590a]
V  [jvm.dll+0x324fd4]
V  [jvm.dll+0x2a6f5a]
V  [jvm.dll+0x2a80f8]
V  [jvm.dll+0x75e241]
V  [jvm.dll+0x3341c4]
V  [jvm.dll+0x73e926]
V  [jvm.dll+0x3b7557]
V  [jvm.dll+0x3b8fe1]
C  [jli.dll+0x52fb]
C  [ucrtbase.dll+0x21bb2]
C  [KERNEL32.DLL+0x17034]
C  [ntdll.dll+0x52651]


---------------  P R O C E S S  ---------------

Threads class SMR info:
_java_thread_list=0x00007ffff3bd4ff0, length=0, elements={
}

Java Threads: ( => current thread )

Other Threads:
  0x00000167ffdfff40 GCTaskThread "GC Thread#0" [stack: 0x00000067bf700000,0x00000067bf800000] [id=6320]
  0x00000167ffe10e20 ConcurrentGCThread "G1 Main Marker" [stack: 0x00000067bf800000,0x00000067bf900000] [id=15228]
  0x00000167ffe13290 ConcurrentGCThread "G1 Conc#0" [stack: 0x00000067bf900000,0x00000067bfa00000] [id=8668]

[error occurred during error reporting (printing all threads), id 0xc0000005, EXCEPTION_ACCESS_VIOLATION (0xc0000005) at pc=0x00007ffff33c7e27]

VM state: not at safepoint (not fully initialized)

VM Mutex/Monitor currently owned by a thread:  ([mutex/lock_event])
[0x00000167ffdbbd40] Heap_lock - owner thread: 0x00000167ffdc0840

Heap address: 0x0000000081800000, size: 2024 MB, Compressed Oops mode: 32-bit
CDS archive(s) mapped at: [0x0000000000000000-0x0000000000000000-0x0000000000000000), size 0, SharedBaseAddress: 0x0000000800000000, ArchiveRelocationMode: 0.
Narrow klass base: 0x0000000000000000, Narrow klass shift: 0, Narrow klass range: 0x0

Heap:
 garbage-first heap   total 131072K, used 0K [0x0000000081800000, 0x0000000100000000)
  region size 1024K, 0 young (0K), 0 survivors (0K)
 Metaspace       used 0K, capacity 0K, committed 0K, reserved 0K
  class space    used 0K, capacity 0K, committed 0K, reserved 0K

Heap Regions: E=young(eden), S=young(survivor), O=old, HS=humongous(starts), HC=humongous(continues), CS=collection set, F=free, OA=open archive, CA=closed archive, TAMS=top-at-mark-start (previous, next)

Card table byte_map: [0x0000016794680000,0x0000016794a80000] _byte_map_base: 0x0000016794274000

Marking Bits (Prev, Next): (CMBitMap*) 0x00000167ffe006c0, (CMBitMap*) 0x00000167ffe00700
 Prev Bits: [0x0000016794e80000, 0x0000016796e20000)
 Next Bits: [0x0000016796e20000, 0x0000016798dc0000)

GC Heap History (0 events):
No events

Deoptimization events (0 events):
No events

Classes unloaded (0 events):
No events

Classes redefined (0 events):
No events

Internal exceptions (0 events):
No events

Events (1 events):
Event: 0.014 Loaded shared library C:\Users\Admin\.p2\pool\plugins\org.eclipse.justj.openjdk.hotspot.jre.full.win32.x86_64_15.0.2.v20210201-0955\jre\bin\java.dll


Dynamic libraries:
0x00007ff6abc10000 - 0x00007ff6abc1d000 	C:\Users\Admin\.p2\pool\plugins\org.eclipse.justj.openjdk.hotspot.jre.full.win32.x86_64_15.0.2.v20210201-0955\jre\bin\javaw.exe
0x00007ff84a7d0000 - 0x00007ff84a9c5000 	C:\WINDOWS\SYSTEM32\ntdll.dll
0x00007ff84a6c0000 - 0x00007ff84a77e000 	C:\WINDOWS\System32\KERNEL32.DLL
0x00007ff8481d0000 - 0x00007ff848499000 	C:\WINDOWS\System32\KERNELBASE.dll
0x00007ff848000000 - 0x00007ff848100000 	C:\WINDOWS\System32\ucrtbase.dll
0x00007ff8428e0000 - 0x00007ff8428f8000 	C:\Users\Admin\.p2\pool\plugins\org.eclipse.justj.openjdk.hotspot.jre.full.win32.x86_64_15.0.2.v20210201-0955\jre\bin\jli.dll
0x00007ff8494d0000 - 0x00007ff849671000 	C:\WINDOWS\System32\USER32.dll
0x00007ff848100000 - 0x00007ff848122000 	C:\WINDOWS\System32\win32u.dll
0x00007ff84a1d0000 - 0x00007ff84a1fb000 	C:\WINDOWS\System32\GDI32.dll
0x00007ff847ef0000 - 0x00007ff847ffb000 	C:\WINDOWS\System32\gdi32full.dll
0x00007ff848130000 - 0x00007ff8481cd000 	C:\WINDOWS\System32\msvcp_win.dll
0x00007ff838380000 - 0x00007ff838399000 	C:\Users\Admin\.p2\pool\plugins\org.eclipse.justj.openjdk.hotspot.jre.full.win32.x86_64_15.0.2.v20210201-0955\jre\bin\VCRUNTIME140.dll
0x00007ff839270000 - 0x00007ff83950a000 	C:\WINDOWS\WinSxS\amd64_microsoft.windows.common-controls_6595b64144ccf1df_6.0.19041.1110_none_60b5254171f9507e\COMCTL32.dll
0x00007ff848f60000 - 0x00007ff848ffe000 	C:\WINDOWS\System32\msvcrt.dll
0x00007ff84a200000 - 0x00007ff84a230000 	C:\WINDOWS\System32\IMM32.DLL
0x00007ff83cff0000 - 0x00007ff83cffc000 	C:\Users\Admin\.p2\pool\plugins\org.eclipse.justj.openjdk.hotspot.jre.full.win32.x86_64_15.0.2.v20210201-0955\jre\bin\vcruntime140_1.dll
0x00007ff81c8e0000 - 0x00007ff81c971000 	C:\Users\Admin\.p2\pool\plugins\org.eclipse.justj.openjdk.hotspot.jre.full.win32.x86_64_15.0.2.v20210201-0955\jre\bin\msvcp140.dll
0x00007ffff3110000 - 0x00007ffff3c6e000 	C:\Users\Admin\.p2\pool\plugins\org.eclipse.justj.openjdk.hotspot.jre.full.win32.x86_64_15.0.2.v20210201-0955\jre\bin\server\jvm.dll
0x00007ff849e00000 - 0x00007ff849eac000 	C:\WINDOWS\System32\ADVAPI32.dll
0x00007ff849000000 - 0x00007ff84909b000 	C:\WINDOWS\System32\sechost.dll
0x00007ff849eb0000 - 0x00007ff849fda000 	C:\WINDOWS\System32\RPCRT4.dll
0x00007ff84a780000 - 0x00007ff84a788000 	C:\WINDOWS\System32\PSAPI.DLL
0x00007ff841a00000 - 0x00007ff841a09000 	C:\WINDOWS\SYSTEM32\WSOCK32.dll
0x00007ff84a230000 - 0x00007ff84a29b000 	C:\WINDOWS\System32\WS2_32.dll
0x00007ff833220000 - 0x00007ff833247000 	C:\WINDOWS\SYSTEM32\WINMM.dll
0x00007ff839760000 - 0x00007ff83976a000 	C:\WINDOWS\SYSTEM32\VERSION.dll
0x00007ff845df0000 - 0x00007ff845e02000 	C:\WINDOWS\SYSTEM32\kernel.appcore.dll
0x00007ff83cea0000 - 0x00007ff83ceaa000 	C:\Users\Admin\.p2\pool\plugins\org.eclipse.justj.openjdk.hotspot.jre.full.win32.x86_64_15.0.2.v20210201-0955\jre\bin\jimage.dll
0x00007ff8343a0000 - 0x00007ff834584000 	C:\WINDOWS\SYSTEM32\DBGHELP.DLL
0x00007ff834370000 - 0x00007ff83439c000 	C:\WINDOWS\SYSTEM32\dbgcore.DLL
0x00007ff8484f0000 - 0x00007ff848573000 	C:\WINDOWS\System32\bcryptPrimitives.dll
0x00007ff838350000 - 0x00007ff838375000 	C:\Users\Admin\.p2\pool\plugins\org.eclipse.justj.openjdk.hotspot.jre.full.win32.x86_64_15.0.2.v20210201-0955\jre\bin\java.dll

dbghelp: loaded successfully - version: 4.0.5 - missing functions: none
symbol engine: initialized successfully - sym options: 0x614 - pdb path: .;C:\Users\Admin\.p2\pool\plugins\org.eclipse.justj.openjdk.hotspot.jre.full.win32.x86_64_15.0.2.v20210201-0955\jre\bin;C:\WINDOWS\SYSTEM32;C:\WINDOWS\WinSxS\amd64_microsoft.windows.common-controls_6595b64144ccf1df_6.0.19041.1110_none_60b5254171f9507e;C:\Users\Admin\.p2\pool\plugins\org.eclipse.justj.openjdk.hotspot.jre.full.win32.x86_64_15.0.2.v20210201-0955\jre\bin\server

VM Arguments:
jvm_args: -Dfile.encoding=UTF-8 -XX:+ShowCodeDetailsInExceptionMessages 
java_command: app.FrmQuanLy
java_class_path (initial): C:\Users\Admin\Desktop\PhatTrienUngDung\Nhom01_HeThongKaraokeFantasy\bin;C:\Users\Admin\Desktop\PhatTrienUngDung\Nhom01_HeThongKaraokeFantasy\Library\sqljdbc42.jar;C:\Users\Admin\Desktop\PhatTrienUngDung\Nhom01_HeThongKaraokeFantasy\Library\JPlanner.jar;C:\Users\Admin\Desktop\PhatTrienUngDung\Nhom01_HeThongKaraokeFantasy\Library\jiconfont-swing-1.0.1.jar;C:\Users\Admin\Desktop\PhatTrienUngDung\Nhom01_HeThongKaraokeFantasy\Library\jiconfont-font_awesome-4.7.0.0.jar;C:\Users\Admin\Desktop\PhatTrienUngDung\Nhom01_HeThongKaraokeFantasy\Library\jiconfont-1.0.0.jar;C:\Users\Admin\Desktop\PhatTrienUngDung\Nhom01_HeThongKaraokeFantasy\Library\jfreechart-1.0.1.jar;C:\Users\Admin\Desktop\PhatTrienUngDung\Nhom01_HeThongKaraokeFantasy\Library\jdatepicker-1.3.4.jar;C:\Users\Admin\Desktop\PhatTrienUngDung\Nhom01_HeThongKaraokeFantasy\Library\jcalendar-1.4.jar;C:\Users\Admin\Desktop\PhatTrienUngDung\Nhom01_HeThongKaraokeFantasy\Library\jcommon-1.0.0.jar;C:\Users\Admin\Desktop\PhatTrienUngDung\Nhom01_HeThongKaraokeFantasy\Library\flatlaf-1.4.jar
Launcher Type: SUN_STANDARD

[Global flags]
     intx CICompilerCount                          = 3                                         {product} {ergonomic}
     uint ConcGCThreads                            = 1                                         {product} {ergonomic}
     uint G1ConcRefinementThreads                  = 4                                         {product} {ergonomic}
   size_t G1HeapRegionSize                         = 1048576                                   {product} {ergonomic}
    uintx GCDrainStackTargetSize                   = 64                                        {product} {ergonomic}
   size_t InitialHeapSize                          = 134217728                                 {product} {ergonomic}
   size_t MarkStackSize                            = 4194304                                   {product} {ergonomic}
   size_t MaxHeapSize                              = 2122317824                                {product} {ergonomic}
   size_t MinHeapDeltaBytes                        = 1048576                                   {product} {ergonomic}
   size_t MinHeapSize                              = 8388608                                   {product} {ergonomic}
    uintx NonNMethodCodeHeapSize                   = 5832780                                {pd product} {ergonomic}
    uintx NonProfiledCodeHeapSize                  = 122912730                              {pd product} {ergonomic}
    uintx ProfiledCodeHeapSize                     = 122912730                              {pd product} {ergonomic}
    uintx ReservedCodeCacheSize                    = 251658240                              {pd product} {ergonomic}
     bool SegmentedCodeCache                       = true                                      {product} {ergonomic}
     bool ShowCodeDetailsInExceptionMessages       = true                                   {manageable} {command line}
   size_t SoftMaxHeapSize                          = 2122317824                             {manageable} {ergonomic}
     bool UseCompressedClassPointers               = true                                 {lp64_product} {ergonomic}
     bool UseCompressedOops                        = true                                 {lp64_product} {ergonomic}
     bool UseG1GC                                  = true                                      {product} {ergonomic}
     bool UseLargePagesIndividualAllocation        = false                                  {pd product} {ergonomic}

Logging:
Log output configuration:
 #0: stdout all=warning uptime,level,tags
 #1: stderr all=off uptime,level,tags

Environment Variables:
PATH=C:\Program Files\Common Files\Oracle\Java\javapath;C:\ProgramData\Oracle\Java\javapath;C:\Program Files (x86)\Intel\iCLS Client\;C:\Program Files\Intel\iCLS Client\;C:\WINDOWS\system32;C:\WINDOWS;C:\WINDOWS\System32\Wbem;C:\WINDOWS\System32\WindowsPowerShell\v1.0\;C:\WINDOWS\System32\OpenSSH\;C:\Program Files (x86)\Microsoft SQL Server\150\DTS\Binn\;C:\Program Files\Azure Data Studio\bin;C:\Program Files\Microsoft SQL Server\Client SDK\ODBC\170\Tools\Binn\;C:\Program Files (x86)\Microsoft SQL Server\150\Tools\Binn\;C:\Program Files\Microsoft SQL Server\150\Tools\Binn\;C:\Program Files\Microsoft SQL Server\150\DTS\Binn\;C:\Program Files\Git\cmd;C:\Users\Admin\AppData\Local\Microsoft\WindowsApps;C:\Program Files\Azure Data Studio\bin;C:\Users\Admin\AppData\Local\Programs\Microsoft VS Code\bin;C:\Users\Admin\AppData\Local\Programs\mongosh\;
USERNAME=Admin
OS=Windows_NT
PROCESSOR_IDENTIFIER=Intel64 Family 6 Model 61 Stepping 4, GenuineIntel



---------------  S Y S T E M  ---------------

OS:
 Windows 10 , 64 bit Build 19041 (10.0.19041.1202)
OS uptime: 8 days 0:28 hours

CPU: total 4 (initial active 4) (2 cores per cpu, 2 threads per core) family 6 model 61 stepping 4 microcode 0x2f, cmov, cx8, fxsr, mmx, sse, sse2, sse3, ssse3, sse4.1, sse4.2, popcnt, vzeroupper, avx, avx2, aes, clmul, erms, 3dnowpref, lzcnt, ht, tsc, tscinvbit, bmi1, bmi2, adx, fma, clflush

Memory: 4k page, system-wide physical 8094M (596M free)
TotalPageFile size 17582M (AvailPageFile size 117M)
current process WorkingSet (physical memory assigned to process): 10M, peak: 10M
current process commit charge ("private bytes"): 51M, peak: 179M

vm_info: OpenJDK 64-Bit Server VM (15.0.2+7-27) for windows-amd64 JRE (15.0.2+7-27), built on Dec  7 2020 20:02:38 by "mach5one" with unknown MS VC++:1925

END.
