#
# There is insufficient memory for the Java Runtime Environment to continue.
# Native memory allocation (mmap) failed to map 132120576 bytes for G1 virtual space
# Possible reasons:
#   The system is out of physical RAM or swap space
#   The process is running with CompressedOops enabled, and the Java Heap may be blocking the growth of the native heap
# Possible solutions:
#   Reduce memory load on the system
#   Increase physical memory or swap space
#   Check if swap backing store is full
#   Decrease Java heap size (-Xmx/-Xms)
#   Decrease number of Java threads
#   Decrease Java thread stack sizes (-Xss)
#   Set larger code cache with -XX:ReservedCodeCacheSize=
#   JVM is running with Unscaled Compressed Oops mode in which the Java heap is
#     placed in the first 4GB address space. The Java Heap base address is the
#     maximum limit for the native heap growth. Please use -XX:HeapBaseMinAddress
#     to set the Java Heap base and to place the Java Heap above 4GB virtual address.
# This output file may be truncated or incomplete.
#
#  Out of Memory Error (./open/src/hotspot/os/windows/os_windows.cpp:3472), pid=11884, tid=7544
#
# JRE version:  (15.0+36) (build )
# Java VM: Java HotSpot(TM) 64-Bit Server VM (15+36-1562, mixed mode, sharing, tiered, compressed oops, g1 gc, windows-amd64)
# No core dump will be written. Minidumps are not enabled by default on client versions of Windows
#

---------------  S U M M A R Y ------------

Command Line: -Dfile.encoding=UTF-8 -XX:+ShowCodeDetailsInExceptionMessages app.FrmDangNhap

Host: Intel(R) Core(TM) i5-10210U CPU @ 1.60GHz, 8 cores, 7G,  Windows 10 , 64 bit Build 19041 (10.0.19041.1348)
Time: Fri Nov 19 14:36:00 2021 SE Asia Standard Time elapsed time: 1.539747 seconds (0d 0h 0m 1s)

---------------  T H R E A D  ---------------

Current thread (0x0000024c5a6cf760):  JavaThread "Unknown thread" [_thread_in_vm, id=7544, stack(0x000000639ed00000,0x000000639ee00000)]

Stack: [0x000000639ed00000,0x000000639ee00000]
Native frames: (J=compiled Java code, j=interpreted, Vv=VM code, C=native code)
V  [jvm.dll+0x629eaa]
V  [jvm.dll+0x780379]
V  [jvm.dll+0x781ad3]
V  [jvm.dll+0x782133]
V  [jvm.dll+0x2159d5]
V  [jvm.dll+0x627299]
V  [jvm.dll+0x61bdd5]
V  [jvm.dll+0x2cf96d]
V  [jvm.dll+0x2cf7d2]
V  [jvm.dll+0x2d57ac]
V  [jvm.dll+0x32523a]
V  [jvm.dll+0x324904]
V  [jvm.dll+0x2a68ea]
V  [jvm.dll+0x2a7a88]
V  [jvm.dll+0x75d0f1]
V  [jvm.dll+0x333af4]
V  [jvm.dll+0x73d816]
V  [jvm.dll+0x3b68e7]
V  [jvm.dll+0x3b8371]
C  [jli.dll+0x52fb]
C  [ucrtbase.dll+0x21bb2]
C  [KERNEL32.DLL+0x17034]
C  [ntdll.dll+0x52651]


---------------  P R O C E S S  ---------------

Threads class SMR info:
_java_thread_list=0x00007fff68c82fa0, length=0, elements={
}

Java Threads: ( => current thread )

Other Threads:
  0x0000024c5a70e250 GCTaskThread "GC Thread#0" [stack: 0x000000639ee00000,0x000000639ef00000] [id=8472]
  0x0000024c5a721570 ConcurrentGCThread "G1 Main Marker" [stack: 0x000000639ef00000,0x000000639f000000] [id=14120]
  0x0000024c5a7220f0 ConcurrentGCThread "G1 Conc#0" [stack: 0x000000639f000000,0x000000639f100000] [id=15644]

[error occurred during error reporting (printing all threads), id 0xc0000005, EXCEPTION_ACCESS_VIOLATION (0xc0000005) at pc=0x00007fff684777b7]

VM state: not at safepoint (not fully initialized)

VM Mutex/Monitor currently owned by a thread:  ([mutex/lock_event])
[0x0000024c5a6cab70] Heap_lock - owner thread: 0x0000024c5a6cf760

Heap address: 0x0000000083400000, size: 1996 MB, Compressed Oops mode: 32-bit
CDS archive(s) mapped at: [0x0000000000000000-0x0000000000000000-0x0000000000000000), size 0, SharedBaseAddress: 0x0000000800000000, ArchiveRelocationMode: 0.
Narrow klass base: 0x0000000000000000, Narrow klass shift: 0, Narrow klass range: 0x0

Heap:
 garbage-first heap   total 129024K, used 0K [0x0000000083400000, 0x0000000100000000)
  region size 1024K, 0 young (0K), 0 survivors (0K)
 Metaspace       used 0K, capacity 0K, committed 0K, reserved 0K
  class space    used 0K, capacity 0K, committed 0K, reserved 0K

Heap Regions: E=young(eden), S=young(survivor), O=old, HS=humongous(starts), HC=humongous(continues), CS=collection set, F=free, OA=open archive, CA=closed archive, TAMS=top-at-mark-start (previous, next)

Card table byte_map: [0x0000024c73f50000,0x0000024c74340000] _byte_map_base: 0x0000024c73b36000

Marking Bits (Prev, Next): (CMBitMap*) 0x0000024c5a7109f0, (CMBitMap*) 0x0000024c5a710a30
 Prev Bits: [0x0000024c74730000, 0x0000024c76660000)
 Next Bits: [0x0000024c76660000, 0x0000024c78590000)

GC Heap History (0 events):
No events

Deoptimization events (0 events):
No events

Classes unloaded (0 events):
No events

Classes redefined (0 events):
No events

Internal exceptions (0 events):
No events

Events (1 events):
Event: 0.014 Loaded shared library C:\Program Files\Java\jdk-15\bin\java.dll


Dynamic libraries:
0x00007ff723cf0000 - 0x00007ff723cff000 	C:\Program Files\Java\jdk-15\bin\javaw.exe
0x00007fffd8ef0000 - 0x00007fffd90e5000 	C:\WINDOWS\SYSTEM32\ntdll.dll
0x00007fffd88a0000 - 0x00007fffd895e000 	C:\WINDOWS\System32\KERNEL32.DLL
0x00007fffd6a80000 - 0x00007fffd6d48000 	C:\WINDOWS\System32\KERNELBASE.dll
0x00007fffd6750000 - 0x00007fffd6850000 	C:\WINDOWS\System32\ucrtbase.dll
0x00007fff6a210000 - 0x00007fff6a228000 	C:\Program Files\Java\jdk-15\bin\jli.dll
0x00007fff6a1f0000 - 0x00007fff6a209000 	C:\Program Files\Java\jdk-15\bin\VCRUNTIME140.dll
0x00007fffd8a40000 - 0x00007fffd8aec000 	C:\WINDOWS\System32\ADVAPI32.dll
0x00007fffd7ba0000 - 0x00007fffd7c3e000 	C:\WINDOWS\System32\msvcrt.dll
0x00007fffd7320000 - 0x00007fffd73bb000 	C:\WINDOWS\System32\sechost.dll
0x00007fffd8200000 - 0x00007fffd832a000 	C:\WINDOWS\System32\RPCRT4.dll
0x00007fffd86f0000 - 0x00007fffd8891000 	C:\WINDOWS\System32\USER32.dll
0x00007fffd68f0000 - 0x00007fffd6912000 	C:\WINDOWS\System32\win32u.dll
0x00007fffc0fa0000 - 0x00007fffc123a000 	C:\WINDOWS\WinSxS\amd64_microsoft.windows.common-controls_6595b64144ccf1df_6.0.19041.1110_none_60b5254171f9507e\COMCTL32.dll
0x00007fffd8a10000 - 0x00007fffd8a3b000 	C:\WINDOWS\System32\GDI32.dll
0x00007fffd6da0000 - 0x00007fffd6eab000 	C:\WINDOWS\System32\gdi32full.dll
0x00007fffd6850000 - 0x00007fffd68ed000 	C:\WINDOWS\System32\msvcp_win.dll
0x00007fffc5270000 - 0x00007fffc527a000 	C:\WINDOWS\SYSTEM32\VERSION.dll
0x00007fffd85e0000 - 0x00007fffd8610000 	C:\WINDOWS\System32\IMM32.DLL
0x00007fff6a1e0000 - 0x00007fff6a1ec000 	C:\Program Files\Java\jdk-15\bin\vcruntime140_1.dll
0x00007fff69820000 - 0x00007fff698b1000 	C:\Program Files\Java\jdk-15\bin\msvcp140.dll
0x00007fff681c0000 - 0x00007fff68d1c000 	C:\Program Files\Java\jdk-15\bin\server\jvm.dll
0x00007fffd80c0000 - 0x00007fffd80c8000 	C:\WINDOWS\System32\PSAPI.DLL
0x00007fff6a1d0000 - 0x00007fff6a1d9000 	C:\WINDOWS\SYSTEM32\WSOCK32.dll
0x00007fffd4c30000 - 0x00007fffd4c57000 	C:\WINDOWS\SYSTEM32\WINMM.dll
0x00007fffd8460000 - 0x00007fffd84cb000 	C:\WINDOWS\System32\WS2_32.dll
0x00007fffd4e90000 - 0x00007fffd4ea2000 	C:\WINDOWS\SYSTEM32\kernel.appcore.dll
0x00007fff6a1c0000 - 0x00007fff6a1ca000 	C:\Program Files\Java\jdk-15\bin\jimage.dll
0x00007fffd4a40000 - 0x00007fffd4c24000 	C:\WINDOWS\SYSTEM32\DBGHELP.DLL
0x00007fffd4a10000 - 0x00007fffd4a3c000 	C:\WINDOWS\SYSTEM32\dbgcore.DLL
0x00007fffd6eb0000 - 0x00007fffd6f33000 	C:\WINDOWS\System32\bcryptPrimitives.dll
0x00007fff6a190000 - 0x00007fff6a1b5000 	C:\Program Files\Java\jdk-15\bin\java.dll

dbghelp: loaded successfully - version: 4.0.5 - missing functions: none
symbol engine: initialized successfully - sym options: 0x614 - pdb path: .;C:\Program Files\Java\jdk-15\bin;C:\WINDOWS\SYSTEM32;C:\WINDOWS\WinSxS\amd64_microsoft.windows.common-controls_6595b64144ccf1df_6.0.19041.1110_none_60b5254171f9507e;C:\Program Files\Java\jdk-15\bin\server

VM Arguments:
jvm_args: -Dfile.encoding=UTF-8 -XX:+ShowCodeDetailsInExceptionMessages 
java_command: app.FrmDangNhap
java_class_path (initial): F:\hk1_21-22\PTUD\code detai nhom\KaraokeFantasy_2.0\bin;F:\hk1_21-22\PTUD\code detai nhom\KaraokeFantasy_2.0\Library\sqljdbc42.jar;F:\hk1_21-22\PTUD\code detai nhom\KaraokeFantasy_2.0\Library\JPlanner.jar;F:\hk1_21-22\PTUD\code detai nhom\KaraokeFantasy_2.0\Library\jiconfont-swing-1.0.1.jar;F:\hk1_21-22\PTUD\code detai nhom\KaraokeFantasy_2.0\Library\jiconfont-font_awesome-4.7.0.0.jar;F:\hk1_21-22\PTUD\code detai nhom\KaraokeFantasy_2.0\Library\jiconfont-1.0.0.jar;F:\hk1_21-22\PTUD\code detai nhom\KaraokeFantasy_2.0\Library\jfreechart-1.0.1.jar;F:\hk1_21-22\PTUD\code detai nhom\KaraokeFantasy_2.0\Library\jdatepicker-1.3.4.jar;F:\hk1_21-22\PTUD\code detai nhom\KaraokeFantasy_2.0\Library\jcalendar-1.4.jar;F:\hk1_21-22\PTUD\code detai nhom\KaraokeFantasy_2.0\Library\jcommon-1.0.0.jar;F:\hk1_21-22\PTUD\code detai nhom\KaraokeFantasy_2.0\Library\flatlaf-1.4.jar
Launcher Type: SUN_STANDARD

[Global flags]
     intx CICompilerCount                          = 4                                         {product} {ergonomic}
     uint ConcGCThreads                            = 2                                         {product} {ergonomic}
     uint G1ConcRefinementThreads                  = 8                                         {product} {ergonomic}
   size_t G1HeapRegionSize                         = 1048576                                   {product} {ergonomic}
    uintx GCDrainStackTargetSize                   = 64                                        {product} {ergonomic}
   size_t InitialHeapSize                          = 132120576                                 {product} {ergonomic}
   size_t MarkStackSize                            = 4194304                                   {product} {ergonomic}
   size_t MaxHeapSize                              = 2092957696                                {product} {ergonomic}
   size_t MinHeapDeltaBytes                        = 1048576                                   {product} {ergonomic}
   size_t MinHeapSize                              = 8388608                                   {product} {ergonomic}
    uintx NonNMethodCodeHeapSize                   = 5839372                                {pd product} {ergonomic}
    uintx NonProfiledCodeHeapSize                  = 122909434                              {pd product} {ergonomic}
    uintx ProfiledCodeHeapSize                     = 122909434                              {pd product} {ergonomic}
    uintx ReservedCodeCacheSize                    = 251658240                              {pd product} {ergonomic}
     bool SegmentedCodeCache                       = true                                      {product} {ergonomic}
     bool ShowCodeDetailsInExceptionMessages       = true                                   {manageable} {command line}
   size_t SoftMaxHeapSize                          = 2092957696                             {manageable} {ergonomic}
     bool UseCompressedClassPointers               = true                                 {lp64_product} {ergonomic}
     bool UseCompressedOops                        = true                                 {lp64_product} {ergonomic}
     bool UseG1GC                                  = true                                      {product} {ergonomic}
     bool UseLargePagesIndividualAllocation        = false                                  {pd product} {ergonomic}

Logging:
Log output configuration:
 #0: stdout all=warning uptime,level,tags
 #1: stderr all=off uptime,level,tags

Environment Variables:
PATH=C:\ProgramData\Oracle\Java\javapath;C:\Program Files\Common Files\Oracle\Java\javapath;C:\WINDOWS\system32;C:\WINDOWS;C:\WINDOWS\System32\Wbem;C:\WINDOWS\System32\WindowsPowerShell\v1.0\;C:\WINDOWS\System32\OpenSSH\;C:\Program Files\Microsoft SQL Server\Client SDK\ODBC\170\Tools\Binn\;C:\Program Files (x86)\Microsoft SQL Server\150\Tools\Binn\;C:\Program Files\Microsoft SQL Server\150\Tools\Binn\;C:\Program Files\Microsoft SQL Server\150\DTS\Binn\;C:\Program Files (x86)\Microsoft SQL Server\150\DTS\Binn\;C:\Program Files\Microsoft SQL Server\130\Tools\Binn\;C:\Program Files\Git\cmd;C:\Program Files\MongoDB\Server\5.0\bin;C:\Users\DELL\AppData\Local\Microsoft\WindowsApps;C:\Users\DELL\AppData\Local\Programs\Microsoft VS Code\bin;C:\Users\DELL\AppData\Local\GitHubDesktop\bin;C:\Users\DELL\AppData\Local\Programs\mongosh\
USERNAME=DELL
OS=Windows_NT
PROCESSOR_IDENTIFIER=Intel64 Family 6 Model 142 Stepping 12, GenuineIntel



---------------  S Y S T E M  ---------------

OS:
 Windows 10 , 64 bit Build 19041 (10.0.19041.1348)
OS uptime: 0 days 6:26 hours

CPU: total 8 (initial active 8) (4 cores per cpu, 2 threads per core) family 6 model 142 stepping 12, cmov, cx8, fxsr, mmx, sse, sse2, sse3, ssse3, sse4.1, sse4.2, popcnt, vzeroupper, avx, avx2, aes, clmul, erms, 3dnowpref, lzcnt, ht, tsc, tscinvbit, bmi1, bmi2, adx, fma, clflush, clflushopt

Memory: 4k page, system-wide physical 7976M (324M free)
TotalPageFile size 21430M (AvailPageFile size 102M)
current process WorkingSet (physical memory assigned to process): 10M, peak: 10M
current process commit charge ("private bytes"): 60M, peak: 186M

vm_info: Java HotSpot(TM) 64-Bit Server VM (15+36-1562) for windows-amd64 JRE (15+36-1562), built on Aug 11 2020 22:38:02 by "mach5one" with unknown MS VC++:1925

END.
